<?xml version="1.0" encoding="UTF-8"?>
<!-- Generated by org.testng.reporters.JUnitReportReporter -->
<testsuite hostname="DESKTOP-SP47EQ8" failures="0" tests="1" name="testScripts.FirstTest" time="5.648" errors="0" timestamp="2023-01-29T10:29:18 IST" skipped="0">
  <testcase classname="testScripts.FirstTest" name="firstTest" time="5.648"/>
  <system-out/>
</testsuite> <!-- testScripts.FirstTest -->
