<?xml version="1.0" encoding="UTF-8"?>
<!-- Generated by org.testng.reporters.JUnitReportReporter -->
<testsuite hostname="DESKTOP-SP47EQ8" failures="0" tests="1" name="testScripts.SecondTest" time="7.501" errors="0" timestamp="2023-01-29T11:03:13 IST" skipped="0">
  <testcase classname="testScripts.SecondTest" name="secondTest" time="7.501"/>
  <system-out/>
</testsuite> <!-- testScripts.SecondTest -->
