<?xml version="1.0" encoding="UTF-8"?>
<!-- Generated by org.testng.reporters.JUnitReportReporter -->
<testsuite hostname="DESKTOP-SP47EQ8" failures="0" tests="1" name="testScripts.FourthTest" time="8.559" errors="0" timestamp="2023-01-29T20:44:50 IST" skipped="0">
  <testcase classname="testScripts.FourthTest" name="fourthTest" time="8.559"/>
  <system-out/>
</testsuite> <!-- testScripts.FourthTest -->
